{"level":"DEBUG","time":"2023-01-09T22:01:30.396+0800","caller":"bluebell/main.go:37","msg":"logger init success~~~"}
{"level":"INFO","time":"2023-01-09T22:01:47.436+0800","caller":"logger/logger.go:70","msg":"/","status":200,"method":"GET","path":"/","query":"","ip":"::1","user-agent":"Mozilla/5.0 (Windows NT 10.0; Win64; x64) AppleWebKit/537.36 (KHTML, like Gecko) Chrome/108.0.0.0 Safari/537.36","errors":"","cost":0}
{"level":"INFO","time":"2023-01-09T22:01:47.546+0800","caller":"logger/logger.go:70","msg":"/favicon.ico","status":404,"method":"GET","path":"/favicon.ico","query":"","ip":"::1","user-agent":"Mozilla/5.0 (Windows NT 10.0; Win64; x64) AppleWebKit/537.36 (KHTML, like Gecko) Chrome/108.0.0.0 Safari/537.36","errors":"","cost":0}
{"level":"INFO","time":"2023-01-09T22:02:05.363+0800","caller":"bluebell/main.go:74","msg":"Shutdown Server ..."}
{"level":"INFO","time":"2023-01-09T22:02:05.374+0800","caller":"bluebell/main.go:83","msg":"Server exiting"}
{"level":"DEBUG","time":"2023-01-09T22:14:25.708+0800","caller":"bluebell/main.go:37","msg":"logger init success~~~"}
{"level":"DEBUG","time":"2023-01-09T22:14:34.524+0800","caller":"bluebell/main.go:37","msg":"logger init success~~~"}
{"level":"DEBUG","time":"2023-01-10T10:20:35.554+0800","caller":"bluebell/main.go:35","msg":"logger init success~~~"}
{"level":"INFO","time":"2023-01-10T10:21:01.604+0800","caller":"bluebell/main.go:72","msg":"Shutdown Server ..."}
{"level":"INFO","time":"2023-01-10T10:21:01.619+0800","caller":"bluebell/main.go:81","msg":"Server exiting"}
{"level":"DEBUG","time":"2023-01-10T10:52:06.851+0800","caller":"bluebell/main.go:36","msg":"logger init success~~~"}
{"level":"DEBUG","time":"2023-01-10T10:53:06.925+0800","caller":"bluebell/main.go:36","msg":"logger init success~~~"}
{"level":"DEBUG","time":"2023-01-10T10:55:57.291+0800","caller":"bluebell/main.go:36","msg":"logger init success~~~"}
{"level":"DEBUG","time":"2023-01-10T10:58:13.107+0800","caller":"bluebell/main.go:36","msg":"logger init success~~~"}
{"level":"DEBUG","time":"2023-01-10T10:59:04.655+0800","caller":"bluebell/main.go:36","msg":"logger init success~~~"}
{"level":"DEBUG","time":"2023-01-10T11:00:54.356+0800","caller":"bluebell/main.go:36","msg":"logger init success~~~"}
{"level":"DEBUG","time":"2023-01-10T11:03:05.925+0800","caller":"bluebell/main.go:36","msg":"logger init success~~~"}
{"level":"DEBUG","time":"2023-01-10T11:03:18.154+0800","caller":"bluebell/main.go:35","msg":"logger init success~~~"}
{"level":"INFO","time":"2023-01-10T11:03:28.626+0800","caller":"bluebell/main.go:78","msg":"Shutdown Server ..."}
{"level":"INFO","time":"2023-01-10T11:03:28.629+0800","caller":"bluebell/main.go:87","msg":"Server exiting"}
{"level":"DEBUG","time":"2023-01-10T11:04:12.165+0800","caller":"bluebell/main.go:36","msg":"logger init success~~~"}
{"level":"DEBUG","time":"2023-01-10T11:06:05.414+0800","caller":"bluebell/main.go:35","msg":"logger init success~~~"}
{"level":"INFO","time":"2023-01-10T11:06:44.422+0800","caller":"bluebell/main.go:81","msg":"Shutdown Server ..."}
{"level":"INFO","time":"2023-01-10T11:06:44.437+0800","caller":"bluebell/main.go:90","msg":"Server exiting"}
{"level":"DEBUG","time":"2023-01-10T11:06:46.565+0800","caller":"bluebell/main.go:35","msg":"logger init success~~~"}
{"level":"INFO","time":"2023-01-10T11:07:24.740+0800","caller":"bluebell/main.go:83","msg":"Shutdown Server ..."}
{"level":"INFO","time":"2023-01-10T11:07:24.753+0800","caller":"bluebell/main.go:92","msg":"Server exiting"}
{"level":"DEBUG","time":"2023-01-10T11:07:26.882+0800","caller":"bluebell/main.go:35","msg":"logger init success~~~"}
{"level":"INFO","time":"2023-01-10T11:07:29.597+0800","caller":"bluebell/main.go:83","msg":"Shutdown Server ..."}
{"level":"INFO","time":"2023-01-10T11:07:29.602+0800","caller":"bluebell/main.go:92","msg":"Server exiting"}
{"level":"DEBUG","time":"2023-01-10T11:12:18.717+0800","caller":"bluebell/main.go:36","msg":"logger init success~~~"}
{"level":"INFO","time":"2023-01-10T11:12:31.056+0800","caller":"bluebell/main.go:84","msg":"Shutdown Server ..."}
{"level":"INFO","time":"2023-01-10T11:12:31.061+0800","caller":"bluebell/main.go:93","msg":"Server exiting"}
{"level":"DEBUG","time":"2023-01-10T11:12:33.185+0800","caller":"bluebell/main.go:36","msg":"logger init success~~~"}
{"level":"INFO","time":"2023-01-10T11:13:21.964+0800","caller":"bluebell/main.go:84","msg":"Shutdown Server ..."}
{"level":"INFO","time":"2023-01-10T11:13:21.967+0800","caller":"bluebell/main.go:93","msg":"Server exiting"}
{"level":"DEBUG","time":"2023-01-10T11:13:24.179+0800","caller":"bluebell/main.go:35","msg":"logger init success~~~"}
{"level":"INFO","time":"2023-01-10T11:16:00.732+0800","caller":"bluebell/main.go:83","msg":"Shutdown Server ..."}
{"level":"INFO","time":"2023-01-10T11:16:00.734+0800","caller":"bluebell/main.go:92","msg":"Server exiting"}
{"level":"DEBUG","time":"2023-01-10T11:16:03.148+0800","caller":"bluebell/main.go:35","msg":"logger init success~~~"}
{"level":"INFO","time":"2023-01-10T11:16:51.805+0800","caller":"bluebell/main.go:83","msg":"Shutdown Server ..."}
{"level":"INFO","time":"2023-01-10T11:16:51.805+0800","caller":"bluebell/main.go:92","msg":"Server exiting"}
{"level":"DEBUG","time":"2023-01-10T11:16:54.236+0800","caller":"bluebell/main.go:35","msg":"logger init success~~~"}
{"level":"INFO","time":"2023-01-10T11:17:32.778+0800","caller":"bluebell/main.go:83","msg":"Shutdown Server ..."}
{"level":"INFO","time":"2023-01-10T11:17:32.778+0800","caller":"bluebell/main.go:92","msg":"Server exiting"}
{"level":"DEBUG","time":"2023-01-10T11:17:35.114+0800","caller":"bluebell/main.go:35","msg":"logger init success~~~"}
{"level":"INFO","time":"2023-01-10T11:18:10.388+0800","caller":"bluebell/main.go:83","msg":"Shutdown Server ..."}
{"level":"INFO","time":"2023-01-10T11:18:10.388+0800","caller":"bluebell/main.go:92","msg":"Server exiting"}
{"level":"DEBUG","time":"2023-01-10T11:18:12.714+0800","caller":"bluebell/main.go:35","msg":"logger init success~~~"}
{"level":"INFO","time":"2023-01-10T11:18:18.957+0800","caller":"bluebell/main.go:83","msg":"Shutdown Server ..."}
{"level":"INFO","time":"2023-01-10T11:18:18.957+0800","caller":"bluebell/main.go:92","msg":"Server exiting"}
{"level":"DEBUG","time":"2023-01-10T11:18:21.090+0800","caller":"bluebell/main.go:35","msg":"logger init success~~~"}
{"level":"INFO","time":"2023-01-10T11:18:29.548+0800","caller":"bluebell/main.go:83","msg":"Shutdown Server ..."}
{"level":"INFO","time":"2023-01-10T11:18:29.550+0800","caller":"bluebell/main.go:92","msg":"Server exiting"}
{"level":"DEBUG","time":"2023-01-10T11:18:31.660+0800","caller":"bluebell/main.go:35","msg":"logger init success~~~"}
{"level":"INFO","time":"2023-01-10T11:19:02.398+0800","caller":"bluebell/main.go:83","msg":"Shutdown Server ..."}
{"level":"INFO","time":"2023-01-10T11:19:02.401+0800","caller":"bluebell/main.go:92","msg":"Server exiting"}
{"level":"DEBUG","time":"2023-01-10T11:19:04.755+0800","caller":"bluebell/main.go:35","msg":"logger init success~~~"}
{"level":"INFO","time":"2023-01-10T11:48:50.776+0800","caller":"bluebell/main.go:83","msg":"Shutdown Server ..."}
{"level":"INFO","time":"2023-01-10T11:48:50.783+0800","caller":"bluebell/main.go:92","msg":"Server exiting"}
{"level":"DEBUG","time":"2023-01-10T11:48:52.911+0800","caller":"bluebell/main.go:35","msg":"logger init success~~~"}
{"level":"INFO","time":"2023-01-10T11:49:11.126+0800","caller":"bluebell/main.go:83","msg":"Shutdown Server ..."}
{"level":"INFO","time":"2023-01-10T11:49:11.138+0800","caller":"bluebell/main.go:92","msg":"Server exiting"}
{"level":"DEBUG","time":"2023-01-10T11:49:41.414+0800","caller":"bluebell/main.go:35","msg":"logger init success~~~"}
{"level":"INFO","time":"2023-01-10T11:50:29.337+0800","caller":"bluebell/main.go:83","msg":"Shutdown Server ..."}
{"level":"INFO","time":"2023-01-10T11:50:29.344+0800","caller":"bluebell/main.go:92","msg":"Server exiting"}
{"level":"DEBUG","time":"2023-01-10T16:11:28.846+0800","caller":"bluebell/main.go:35","msg":"logger init success~~~"}
{"level":"INFO","time":"2023-01-10T16:11:57.273+0800","caller":"bluebell/main.go:83","msg":"Shutdown Server ..."}
{"level":"INFO","time":"2023-01-10T16:11:57.282+0800","caller":"bluebell/main.go:92","msg":"Server exiting"}
{"level":"DEBUG","time":"2023-01-10T16:11:59.872+0800","caller":"bluebell/main.go:35","msg":"logger init success~~~"}
{"level":"INFO","time":"2023-01-10T16:12:16.960+0800","caller":"bluebell/main.go:83","msg":"Shutdown Server ..."}
{"level":"INFO","time":"2023-01-10T16:12:16.970+0800","caller":"bluebell/main.go:92","msg":"Server exiting"}
{"level":"DEBUG","time":"2023-01-10T16:12:19.349+0800","caller":"bluebell/main.go:36","msg":"logger init success~~~"}
{"level":"INFO","time":"2023-01-10T16:12:39.865+0800","caller":"bluebell/main.go:80","msg":"Shutdown Server ..."}
{"level":"INFO","time":"2023-01-10T16:12:39.871+0800","caller":"bluebell/main.go:89","msg":"Server exiting"}
{"level":"DEBUG","time":"2023-01-10T17:17:55.180+0800","caller":"bluebell/main.go:36","msg":"logger init success~~~"}
{"level":"INFO","time":"2023-01-10T17:18:04.320+0800","caller":"bluebell/main.go:80","msg":"Shutdown Server ..."}
{"level":"INFO","time":"2023-01-10T17:18:04.322+0800","caller":"bluebell/main.go:89","msg":"Server exiting"}
